<?xml version="1.0" encoding="UTF-8"?>
<!-- Generated by org.testng.reporters.JUnitReportReporter -->
<testsuite hostname="DESKTOP-KIRHED7" failures="0" tests="1" name="extentReports.ToLearnExtentReports" time="0.665" errors="0" timestamp="2024-11-07T09:38:36 IST" skipped="0">
  <testcase classname="extentReports.ToLearnExtentReports" name="report" time="0.665"/>
  <system-out/>
</testsuite> <!-- extentReports.ToLearnExtentReports -->
