<?xml version="1.0" encoding="UTF-8"?>
<!-- Generated by org.testng.reporters.JUnitReportReporter -->
<testsuite hostname="DESKTOP-KIRHED7" failures="0" tests="1" name="extentReports.AssignmentAmazon" time="9.990" errors="0" timestamp="2024-11-07T22:20:36 IST" skipped="0">
  <testcase classname="extentReports.AssignmentAmazon" name="screenshot" time="9.990"/>
  <system-out/>
</testsuite> <!-- extentReports.AssignmentAmazon -->
