<?xml version="1.0" encoding="UTF-8"?>
<!-- Generated by org.testng.reporters.JUnitReportReporter -->
<testsuite hostname="DESKTOP-KIRHED7" failures="0" tests="1" name="extentReports.ToLearnScreenshotIntoReport" time="79.640" errors="0" timestamp="2024-11-07T09:57:48 IST" skipped="0">
  <testcase classname="extentReports.ToLearnScreenshotIntoReport" name="screenshot" time="79.640"/>
  <system-out/>
</testsuite> <!-- extentReports.ToLearnScreenshotIntoReport -->
